Compilación iniciada a las 16/06/2015 5:40:02 p. m..
     1>Proyecto "C:\Users\luis.velez\Documentos\APLICACIONES_MURO\TUIO+Kinect VRPN Controller\KinectTUIO-Full_Interaction\BUILD2013\apps\InteractiveVideoWall\IVW_Application.vcxproj" en el nodo 2 (Build destinos).
     1>ClCompile:
         C:\Program Files (x86)\Microsoft Visual Studio 12.0\VC\bin\CL.exe /c /I"C:\Users\luis.velez\Documentos\BIBLIOTECAS\opencv-2.4.11\BUILD2013" /I"C:\Users\luis.velez\Documentos\BIBLIOTECAS\opencv-2.4.11\include" /I"C:\Users\luis.velez\Documentos\BIBLIOTECAS\opencv-2.4.11\include\opencv" /I"C:\Users\luis.velez\Documentos\BIBLIOTECAS\opencv-2.4.11\modules\core\include" /I"C:\Users\luis.velez\Documentos\BIBLIOTECAS\opencv-2.4.11\modules\flann\include" /I"C:\Users\luis.velez\Documentos\BIBLIOTECAS\opencv-2.4.11\modules\imgproc\include" /I"C:\Users\luis.velez\Documentos\BIBLIOTECAS\opencv-2.4.11\modules\highgui\include" /I"C:\Users\luis.velez\Documentos\BIBLIOTECAS\opencv-2.4.11\modules\features2d\include" /I"C:\Users\luis.velez\Documentos\BIBLIOTECAS\opencv-2.4.11\modules\calib3d\include" /I"C:\Users\luis.velez\Documentos\BIBLIOTECAS\opencv-2.4.11\modules\ml\include" /I"C:\Users\luis.velez\Documentos\BIBLIOTECAS\opencv-2.4.11\modules\video\include" /I"C:\Users\luis.velez\Documentos\BIBLIOTECAS\opencv-2.4.11\modules\legacy\include" /I"C:\Users\luis.velez\Documentos\BIBLIOTECAS\opencv-2.4.11\modules\objdetect\include" /I"C:\Users\luis.velez\Documentos\BIBLIOTECAS\opencv-2.4.11\modules\photo\include" /I"C:\Users\luis.velez\Documentos\BIBLIOTECAS\opencv-2.4.11\modules\gpu\include" /I"C:\Users\luis.velez\Documentos\BIBLIOTECAS\opencv-2.4.11\modules\ocl\include" /I"C:\Users\luis.velez\Documentos\BIBLIOTECAS\opencv-2.4.11\modules\nonfree\include" /I"C:\Users\luis.velez\Documentos\BIBLIOTECAS\opencv-2.4.11\modules\contrib\include" /I"C:\Users\luis.velez\Documentos\BIBLIOTECAS\opencv-2.4.11\modules\stitching\include" /I"C:\Users\luis.velez\Documentos\BIBLIOTECAS\opencv-2.4.11\modules\superres\include" /I"C:\Users\luis.velez\Documentos\BIBLIOTECAS\opencv-2.4.11\modules\ts\include" /I"C:\Users\luis.velez\Documentos\BIBLIOTECAS\opencv-2.4.11\modules\videostab\include" /IC:\Users\luis.velez\Documentos\APLICACIONES_MURO\TUIO+Kinect /I"C:\Users\luis.velez\Documentos\APLICACIONES_MURO\TUIO+Kinect VRPN Controller\KinectTUIO-Full_Interaction\apps\InteractiveVideoWall\VRPN" /I"C:\Users\luis.velez\Documentos\APLICACIONES_MURO\TUIO+Kinect VRPN Controller\KinectTUIO-Full_Interaction\apps\InteractiveVideoWall\Controller\KinectTUIO-Full_Interaction\3rdparty\cvblob\include" /I"C:\Users\luis.velez\Documentos\BIBLIOTECAS\vrpn-master" /I"C:\Program Files (x86)\OpenNI2\Include" /I"C:\Program Files (x86)\PrimeSense\NiTE2\Include" /I"C:\Users\luis.velez\Documentos\APLICACIONES_MURO\TUIO+Kinect VRPN Controller\KinectTUIO-Full_Interaction\apps\InteractiveVideoWall\..\..\3rdparty\cvblob\include" /I"C:\Users\luis.velez\Documentos\APLICACIONES_MURO\TUIO+Kinect VRPN Controller\KinectTUIO-Full_Interaction\apps\InteractiveVideoWall\..\..\3rdparty\oscpack" /I"C:\Users\luis.velez\Documentos\APLICACIONES_MURO\TUIO+Kinect VRPN Controller\KinectTUIO-Full_Interaction\apps\InteractiveVideoWall\..\..\3rdparty\TUIO" /nologo /W3 /WX- /O2 /Ob2 /Oy- /D WIN32 /D _WINDOWS /D NDEBUG /D "CMAKE_INTDIR=\"Release\"" /D _MBCS /Gm- /EHsc /MD /GS /fp:precise /Zc:wchar_t /Zc:forScope /GR /Fo"IVW_Application.dir\Release\\" /Fd"IVW_Application.dir\Release\vc120.pdb" /Gd /TP /analyze- /errorReport:prompt "C:\Users\luis.velez\Documentos\APLICACIONES_MURO\TUIO+Kinect VRPN Controller\KinectTUIO-Full_Interaction\apps\InteractiveVideoWall\TUIOListener_IVW.cpp" "C:\Users\luis.velez\Documentos\APLICACIONES_MURO\TUIO+Kinect VRPN Controller\KinectTUIO-Full_Interaction\apps\InteractiveVideoWall\VRPNAnalogServer_IVW.cpp" "C:\Users\luis.velez\Documentos\APLICACIONES_MURO\TUIO+Kinect VRPN Controller\KinectTUIO-Full_Interaction\apps\InteractiveVideoWall\main.cpp"
         TUIOListener_IVW.cpp
         VRPNAnalogServer_IVW.cpp
     1>C:\Users\luis.velez\Documentos\APLICACIONES_MURO\TUIO+Kinect VRPN Controller\KinectTUIO-Full_Interaction\apps\InteractiveVideoWall\VRPNAnalogServer_IVW.cpp(32): warning C4305: 'inicializando' : truncamiento de 'double' a 'float'
     1>C:\Users\luis.velez\Documentos\APLICACIONES_MURO\TUIO+Kinect VRPN Controller\KinectTUIO-Full_Interaction\apps\InteractiveVideoWall\VRPNAnalogServer_IVW.cpp(34): warning C4305: '+=' : truncamiento de 'double' a 'float'
     1>C:\Users\luis.velez\Documentos\APLICACIONES_MURO\TUIO+Kinect VRPN Controller\KinectTUIO-Full_Interaction\apps\InteractiveVideoWall\VRPNAnalogServer_IVW.cpp(38): warning C4018: '<' : no coinciden signed/unsigned
     1>C:\Users\luis.velez\Documentos\APLICACIONES_MURO\TUIO+Kinect VRPN Controller\KinectTUIO-Full_Interaction\apps\InteractiveVideoWall\VRPNAnalogServer_IVW.cpp(57): warning C4018: '<' : no coinciden signed/unsigned
         main.cpp
     1>C:\Users\luis.velez\Documentos\APLICACIONES_MURO\TUIO+Kinect VRPN Controller\KinectTUIO-Full_Interaction\apps\InteractiveVideoWall\main.cpp(260): warning C4244: 'argumento' : conversión de 'float' a 'int'; posible pérdida de datos
     1>C:\Users\luis.velez\Documentos\APLICACIONES_MURO\TUIO+Kinect VRPN Controller\KinectTUIO-Full_Interaction\apps\InteractiveVideoWall\main.cpp(261): warning C4244: 'argumento' : conversión de 'float' a 'int'; posible pérdida de datos
     1>C:\Users\luis.velez\Documentos\APLICACIONES_MURO\TUIO+Kinect VRPN Controller\KinectTUIO-Full_Interaction\apps\InteractiveVideoWall\main.cpp(387): warning C4244: '=' : conversión de 'double' a 'int'; posible pérdida de datos
     1>C:\Users\luis.velez\Documentos\APLICACIONES_MURO\TUIO+Kinect VRPN Controller\KinectTUIO-Full_Interaction\apps\InteractiveVideoWall\main.cpp(804): warning C4018: '<' : no coinciden signed/unsigned
     1>C:\Users\luis.velez\Documentos\APLICACIONES_MURO\TUIO+Kinect VRPN Controller\KinectTUIO-Full_Interaction\apps\InteractiveVideoWall\main.cpp(923): warning C4018: '<' : no coinciden signed/unsigned
     1>C:\Users\luis.velez\Documentos\APLICACIONES_MURO\TUIO+Kinect VRPN Controller\KinectTUIO-Full_Interaction\apps\InteractiveVideoWall\main.cpp(991): warning C4244: '=' : conversión de 'double' a 'float'; posible pérdida de datos
     1>C:\Users\luis.velez\Documentos\APLICACIONES_MURO\TUIO+Kinect VRPN Controller\KinectTUIO-Full_Interaction\apps\InteractiveVideoWall\main.cpp(992): warning C4244: '=' : conversión de 'double' a 'float'; posible pérdida de datos
         Generando código...
       Link:
         C:\Program Files (x86)\Microsoft Visual Studio 12.0\VC\bin\link.exe /ERRORREPORT:PROMPT /OUT:"C:\Users\luis.velez\Documentos\APLICACIONES_MURO\TUIO+Kinect VRPN Controller\KinectTUIO-Full_Interaction\BUILD2013\bin\Release\IVW_Application.exe" /INCREMENTAL:NO /NOLOGO /LIBPATH:"C:/Users/luis.velez/Documentos/APLICACIONES_MURO/TUIO+Kinect VRPN Controller/KinectTUIO-Full_Interaction/BUILD2013/lib" /LIBPATH:"C:/Users/luis.velez/Documentos/APLICACIONES_MURO/TUIO+Kinect VRPN Controller/KinectTUIO-Full_Interaction/BUILD2013/lib/Release" /LIBPATH:"C:/Program Files (x86)/OpenNI2/Lib/OpenNI2.lib" /LIBPATH:"C:/Program Files (x86)/OpenNI2/Lib/OpenNI2.lib/Release" /LIBPATH:"C:/Program Files (x86)/PrimeSense/NiTE2/Lib/NiTE2.lib" /LIBPATH:"C:/Program Files (x86)/PrimeSense/NiTE2/Lib/NiTE2.lib/Release" kernel32.lib user32.lib gdi32.lib winspool.lib shell32.lib ole32.lib oleaut32.lib uuid.lib comdlg32.lib advapi32.lib "C:\Users\luis.velez\Documentos\BIBLIOTECAS\opencv-2.4.11\BUILD2013\lib\Release\opencv_ts2411.lib" "C:\Program Files (x86)\OpenNI2\Lib\OpenNI2.lib" "C:\Program Files (x86)\PrimeSense\NiTE2\Lib\NiTE2.lib" "C:\Users\luis.velez\Documentos\BIBLIOTECAS\vrpn-master\BUILD2013\Release\vrpn.lib" ..\..\lib\Release\cvblob.lib winmm.lib ws2_32.lib wsock32.lib "C:\Users\luis.velez\Documentos\BIBLIOTECAS\opencv-2.4.11\BUILD2013\lib\Release\opencv_videostab2411.lib" "C:\Users\luis.velez\Documentos\BIBLIOTECAS\opencv-2.4.11\BUILD2013\lib\Release\opencv_ts2411.lib" "C:\Users\luis.velez\Documentos\BIBLIOTECAS\opencv-2.4.11\BUILD2013\lib\Release\opencv_superres2411.lib" "C:\Users\luis.velez\Documentos\BIBLIOTECAS\opencv-2.4.11\BUILD2013\lib\Release\opencv_stitching2411.lib" "C:\Users\luis.velez\Documentos\BIBLIOTECAS\opencv-2.4.11\BUILD2013\lib\Release\opencv_contrib2411.lib" "C:\Users\luis.velez\Documentos\BIBLIOTECAS\opencv-2.4.11\BUILD2013\lib\Release\opencv_nonfree2411.lib" "C:\Users\luis.velez\Documentos\BIBLIOTECAS\opencv-2.4.11\BUILD2013\lib\Release\opencv_ocl2411.lib" "C:\Users\luis.velez\Documentos\BIBLIOTECAS\opencv-2.4.11\BUILD2013\lib\Release\opencv_gpu2411.lib" "C:\Users\luis.velez\Documentos\BIBLIOTECAS\opencv-2.4.11\BUILD2013\lib\Release\opencv_photo2411.lib" "C:\Users\luis.velez\Documentos\BIBLIOTECAS\opencv-2.4.11\BUILD2013\lib\Release\opencv_objdetect2411.lib" "C:\Users\luis.velez\Documentos\BIBLIOTECAS\opencv-2.4.11\BUILD2013\lib\Release\opencv_legacy2411.lib" "C:\Users\luis.velez\Documentos\BIBLIOTECAS\opencv-2.4.11\BUILD2013\lib\Release\opencv_video2411.lib" "C:\Users\luis.velez\Documentos\BIBLIOTECAS\opencv-2.4.11\BUILD2013\lib\Release\opencv_ml2411.lib" "C:\Users\luis.velez\Documentos\BIBLIOTECAS\opencv-2.4.11\BUILD2013\lib\Release\opencv_calib3d2411.lib" "C:\Users\luis.velez\Documentos\BIBLIOTECAS\opencv-2.4.11\BUILD2013\lib\Release\opencv_features2d2411.lib" "C:\Users\luis.velez\Documentos\BIBLIOTECAS\opencv-2.4.11\BUILD2013\lib\Release\opencv_highgui2411.lib" "C:\Users\luis.velez\Documentos\BIBLIOTECAS\opencv-2.4.11\BUILD2013\lib\Release\opencv_imgproc2411.lib" "C:\Users\luis.velez\Documentos\BIBLIOTECAS\opencv-2.4.11\BUILD2013\lib\Release\opencv_flann2411.lib" "C:\Users\luis.velez\Documentos\BIBLIOTECAS\opencv-2.4.11\BUILD2013\lib\Release\opencv_core2411.lib" /MANIFEST /MANIFESTUAC:"level='asInvoker' uiAccess='false'" /manifest:embed /PDB:"C:/Users/luis.velez/Documentos/APLICACIONES_MURO/TUIO+Kinect VRPN Controller/KinectTUIO-Full_Interaction/BUILD2013/bin/Release/IVW_Application.pdb" /SUBSYSTEM:CONSOLE /TLBID:1 /DYNAMICBASE /NXCOMPAT /IMPLIB:"C:/Users/luis.velez/Documentos/APLICACIONES_MURO/TUIO+Kinect VRPN Controller/KinectTUIO-Full_Interaction/BUILD2013/bin/Release/IVW_Application.lib" /MACHINE:X86 /SAFESEH  /machine:X86 IVW_Application.dir\Release\setIcon.res
         IVW_Application.dir\Release\main.obj
         IVW_Application.dir\Release\NetworkingUtils.obj
         IVW_Application.dir\Release\UdpSocket.obj
         IVW_Application.dir\Release\IpEndpointName.obj
         IVW_Application.dir\Release\OscOutboundPacketStream.obj
         IVW_Application.dir\Release\OscPrintReceivedElements.obj
         IVW_Application.dir\Release\OscReceivedElements.obj
         IVW_Application.dir\Release\OscTypes.obj
         IVW_Application.dir\Release\TuioClient.obj
         IVW_Application.dir\Release\TuioServer.obj
         IVW_Application.dir\Release\TuioTime.obj
         IVW_Application.dir\Release\TUIOListener_IVW.obj
         IVW_Application.dir\Release\VRPNAnalogServer_IVW.obj
         IVW_Application.dir\Release\VRPNButtonServer_IVW.obj
            Creando biblioteca C:/Users/luis.velez/Documentos/APLICACIONES_MURO/TUIO+Kinect VRPN Controller/KinectTUIO-Full_Interaction/BUILD2013/bin/Release/IVW_Application.lib y objeto C:/Users/luis.velez/Documentos/APLICACIONES_MURO/TUIO+Kinect VRPN Controller/KinectTUIO-Full_Interaction/BUILD2013/bin/Release/IVW_Application.exp
         IVW_Application.vcxproj -> C:\Users\luis.velez\Documentos\APLICACIONES_MURO\TUIO+Kinect VRPN Controller\KinectTUIO-Full_Interaction\BUILD2013\bin\Release\IVW_Application.exe
     1>Compilación del proyecto terminada "C:\Users\luis.velez\Documentos\APLICACIONES_MURO\TUIO+Kinect VRPN Controller\KinectTUIO-Full_Interaction\BUILD2013\apps\InteractiveVideoWall\IVW_Application.vcxproj" (Build destinos).

Compilación correcta.

Tiempo transcurrido 00:00:07.45
